Namespace(arch='fconv_wmt_en_de', bucket_cap_mb=150, clip_norm=0.1, criterion='label_smoothed_cross_entropy', data=['data-bin/180w_wmt_e_c/'], ddp_backend='c10d', decoder_attention='True', decoder_embed_dim=768, decoder_embed_path=None, decoder_layers='[(512, 3)] * 9 + [(1024, 3)] * 4 + [(2048, 1)] * 2', decoder_out_embed_dim=512, device_id=0, distributed_backend='nccl', distributed_init_method=None, distributed_port=-1, distributed_rank=0, distributed_world_size=1, dropout=0.2, encoder_embed_dim=768, encoder_embed_path=None, encoder_layers='[(512, 3)] * 9 + [(1024, 3)] * 4 + [(2048, 1)] * 2', force_anneal=50, fp16=False, fp16_init_scale=128, keep_interval_updates=-1, label_smoothing=0.1, left_pad_source='True', left_pad_target='False', log_format=None, log_interval=1000, lr=[0.5], lr_scheduler='fixed', lr_shrink=0.1, max_epoch=0, max_sentences=None, max_sentences_valid=None, max_source_positions=1024, max_target_positions=1024, max_tokens=4000, max_update=0, min_loss_scale=0.0001, min_lr=1e-05, momentum=0.99, no_epoch_checkpoints=False, no_progress_bar=False, no_save=False, optimizer='nag', optimizer_overrides='{}', raw_text=False, reset_lr_scheduler=False, reset_optimizer=False, restore_file='checkpoint_last.pt', save_dir='checkpoints/fconv_wmt_e_c', save_interval=1, save_interval_updates=0, seed=1, sentence_avg=False, share_input_output_embed=False, skip_invalid_size_inputs_valid_test=False, source_lang=None, target_lang=None, task='translation', train_subset='train', update_freq=[1], upsample_primary=1, valid_subset='valid', validate_interval=1, warmup_updates=0, weight_decay=0.0)
| [e] dictionary: 40000 types
| [c] dictionary: 40000 types
| data-bin/180w_wmt_e_c/ train 1858452 examples
| data-bin/180w_wmt_e_c/ valid 1664 examples
| model fconv_wmt_en_de, criterion LabelSmoothedCrossEntropyCriterion
| num. model params: 209569920
| training on 1 GPUs
| max tokens per GPU = 4000 and max sentences per GPU = None
| epoch 001:   1000 / 12851 loss=10.422, nll_loss=9.647, ppl=801.69, wps=3703, ups=1.1, wpb=3247, bsz=146, num_updates=1001, lr=0.5, gnorm=0.655, clip=100%, oom=0, wall=892, train_wall=845
| epoch 001:   2000 / 12851 loss=9.747, nll_loss=8.865, ppl=466.30, wps=3694, ups=1.1, wpb=3234, bsz=146, num_updates=2001, lr=0.5, gnorm=0.548, clip=100%, oom=0, wall=1766, train_wall=1685
| epoch 001:   3000 / 12851 loss=9.304, nll_loss=8.352, ppl=326.78, wps=3691, ups=1.1, wpb=3226, bsz=145, num_updates=3001, lr=0.5, gnorm=0.504, clip=100%, oom=0, wall=2637, train_wall=2524
| epoch 001:   4000 / 12851 loss=8.969, nll_loss=7.964, ppl=249.75, wps=3683, ups=1.1, wpb=3219, bsz=148, num_updates=4001, lr=0.5, gnorm=0.481, clip=100%, oom=0, wall=3511, train_wall=3364
| epoch 001:   5000 / 12851 loss=8.707, nll_loss=7.661, ppl=202.40, wps=3686, ups=1.1, wpb=3225, bsz=146, num_updates=5001, lr=0.5, gnorm=0.460, clip=100%, oom=0, wall=4390, train_wall=4210
| epoch 001:   6000 / 12851 loss=8.492, nll_loss=7.411, ppl=170.23, wps=3684, ups=1.1, wpb=3225, bsz=147, num_updates=6001, lr=0.5, gnorm=0.445, clip=100%, oom=0, wall=5269, train_wall=5055
| epoch 001:   7000 / 12851 loss=8.314, nll_loss=7.206, ppl=147.68, wps=3679, ups=1.1, wpb=3220, bsz=146, num_updates=7001, lr=0.5, gnorm=0.433, clip=100%, oom=0, wall=6143, train_wall=5896
| epoch 001:   8000 / 12851 loss=8.162, nll_loss=7.030, ppl=130.68, wps=3677, ups=1.1, wpb=3218, bsz=146, num_updates=8001, lr=0.5, gnorm=0.423, clip=100%, oom=0, wall=7017, train_wall=6737
| epoch 001:   9000 / 12851 loss=8.030, nll_loss=6.877, ppl=117.58, wps=3675, ups=1.1, wpb=3217, bsz=145, num_updates=9001, lr=0.5, gnorm=0.415, clip=100%, oom=0, wall=7893, train_wall=7581
| epoch 001:  10000 / 12851 loss=7.916, nll_loss=6.746, ppl=107.34, wps=3674, ups=1.1, wpb=3215, bsz=145, num_updates=10001, lr=0.5, gnorm=0.407, clip=100%, oom=0, wall=8765, train_wall=8419
| epoch 001:  11000 / 12851 loss=7.814, nll_loss=6.629, ppl=98.94, wps=3673, ups=1.1, wpb=3213, bsz=145, num_updates=11001, lr=0.5, gnorm=0.400, clip=100%, oom=0, wall=9636, train_wall=9257
| epoch 001:  12000 / 12851 loss=7.720, nll_loss=6.520, ppl=91.79, wps=3673, ups=1.1, wpb=3213, bsz=145, num_updates=12001, lr=0.5, gnorm=0.394, clip=100%, oom=0, wall=10512, train_wall=10100
| epoch 001 | loss 7.648 | nll_loss 6.436 | ppl 86.61 | wps 3673 | ups 1.1 | wpb 3213 | bsz 145 | num_updates 12851 | lr 0.5 | gnorm 0.389 | clip 100% | oom 0 | wall 11255 | train_wall 10814
| epoch 001 | valid on 'valid' subset | valid_loss 6.65637 | valid_nll_loss 5.32764 | valid_ppl 40.16 | num_updates 12851
| epoch 002:   1000 / 12851 loss=6.498, nll_loss=5.109, ppl=34.51, wps=3693, ups=1.1, wpb=3245, bsz=144, num_updates=13852, lr=0.5, gnorm=0.313, clip=100%, oom=0, wall=12168, train_wall=11661
| epoch 002:   2000 / 12851 loss=6.476, nll_loss=5.082, ppl=33.88, wps=3679, ups=1.1, wpb=3225, bsz=143, num_updates=14852, lr=0.5, gnorm=0.312, clip=100%, oom=0, wall=13042, train_wall=12502
| epoch 002:   3000 / 12851 loss=6.449, nll_loss=5.052, ppl=33.17, wps=3687, ups=1.1, wpb=3242, bsz=144, num_updates=15852, lr=0.5, gnorm=0.309, clip=100%, oom=0, wall=13927, train_wall=13354
| epoch 002:   4000 / 12851 loss=6.422, nll_loss=5.022, ppl=32.49, wps=3678, ups=1.1, wpb=3230, bsz=144, num_updates=16852, lr=0.5, gnorm=0.307, clip=100%, oom=0, wall=14802, train_wall=14195
| epoch 002:   5000 / 12851 loss=6.402, nll_loss=4.999, ppl=31.97, wps=3674, ups=1.1, wpb=3224, bsz=144, num_updates=17852, lr=0.5, gnorm=0.305, clip=100%, oom=0, wall=15677, train_wall=15038
| epoch 002:   6000 / 12851 loss=6.379, nll_loss=4.973, ppl=31.41, wps=3670, ups=1.1, wpb=3219, bsz=144, num_updates=18852, lr=0.5, gnorm=0.303, clip=100%, oom=0, wall=16551, train_wall=15878
| epoch 002:   7000 / 12851 loss=6.364, nll_loss=4.955, ppl=31.03, wps=3670, ups=1.1, wpb=3217, bsz=144, num_updates=19852, lr=0.5, gnorm=0.301, clip=100%, oom=0, wall=17424, train_wall=16718
| epoch 002:   8000 / 12851 loss=6.343, nll_loss=4.932, ppl=30.52, wps=3669, ups=1.1, wpb=3216, bsz=144, num_updates=20852, lr=0.5, gnorm=0.299, clip=100%, oom=0, wall=18300, train_wall=17561
| epoch 002:   9000 / 12851 loss=6.319, nll_loss=4.904, ppl=29.94, wps=3667, ups=1.1, wpb=3213, bsz=144, num_updates=21852, lr=0.5, gnorm=0.296, clip=100%, oom=0, wall=19174, train_wall=18403
| epoch 002:  10000 / 12851 loss=6.300, nll_loss=4.882, ppl=29.50, wps=3666, ups=1.1, wpb=3211, bsz=145, num_updates=22852, lr=0.5, gnorm=0.295, clip=100%, oom=0, wall=20049, train_wall=19244
| epoch 002:  11000 / 12851 loss=6.282, nll_loss=4.863, ppl=29.09, wps=3668, ups=1.1, wpb=3215, bsz=145, num_updates=23852, lr=0.5, gnorm=0.292, clip=100%, oom=0, wall=20930, train_wall=20092
| epoch 002:  12000 / 12851 loss=6.267, nll_loss=4.845, ppl=28.74, wps=3668, ups=1.1, wpb=3215, bsz=145, num_updates=24852, lr=0.5, gnorm=0.290, clip=100%, oom=0, wall=21806, train_wall=20935
| epoch 002 | loss 6.254 | nll_loss 4.831 | ppl 28.47 | wps 3667 | ups 1.1 | wpb 3213 | bsz 145 | num_updates 25702 | lr 0.5 | gnorm 0.289 | clip 100% | oom 0 | wall 22547 | train_wall 21649
| epoch 002 | valid on 'valid' subset | valid_loss 5.98576 | valid_nll_loss 4.53655 | valid_ppl 23.21 | num_updates 25702 | best 5.98576
| epoch 003:   1000 / 12851 loss=5.948, nll_loss=4.478, ppl=22.28, wps=3688, ups=1.0, wpb=3227, bsz=142, num_updates=26703, lr=0.5, gnorm=0.265, clip=100%, oom=0, wall=23524, train_wall=22491
| epoch 003:   2000 / 12851 loss=5.931, nll_loss=4.459, ppl=21.99, wps=3671, ups=1.1, wpb=3213, bsz=143, num_updates=27703, lr=0.5, gnorm=0.267, clip=100%, oom=0, wall=24400, train_wall=23334
| epoch 003:   3000 / 12851 loss=5.910, nll_loss=4.435, ppl=21.64, wps=3666, ups=1.1, wpb=3212, bsz=147, num_updates=28703, lr=0.5, gnorm=0.266, clip=100%, oom=0, wall=25278, train_wall=24179
| epoch 003:   4000 / 12851 loss=5.901, nll_loss=4.425, ppl=21.48, wps=3660, ups=1.1, wpb=3207, bsz=147, num_updates=29703, lr=0.5, gnorm=0.266, clip=100%, oom=0, wall=26154, train_wall=25022
| epoch 003:   5000 / 12851 loss=5.904, nll_loss=4.429, ppl=21.54, wps=3660, ups=1.1, wpb=3207, bsz=145, num_updates=30703, lr=0.5, gnorm=0.264, clip=100%, oom=0, wall=27030, train_wall=25864
| epoch 003:   6000 / 12851 loss=5.903, nll_loss=4.428, ppl=21.52, wps=3659, ups=1.1, wpb=3205, bsz=145, num_updates=31703, lr=0.5, gnorm=0.263, clip=100%, oom=0, wall=27904, train_wall=26706
| epoch 003:   7000 / 12851 loss=5.895, nll_loss=4.418, ppl=21.38, wps=3658, ups=1.1, wpb=3205, bsz=146, num_updates=32703, lr=0.5, gnorm=0.262, clip=100%, oom=0, wall=28782, train_wall=27550
| epoch 003:   8000 / 12851 loss=5.889, nll_loss=4.412, ppl=21.29, wps=3661, ups=1.1, wpb=3209, bsz=146, num_updates=33703, lr=0.5, gnorm=0.261, clip=100%, oom=0, wall=29662, train_wall=28397
| epoch 003:   9000 / 12851 loss=5.883, nll_loss=4.406, ppl=21.19, wps=3660, ups=1.1, wpb=3208, bsz=145, num_updates=34703, lr=0.5, gnorm=0.259, clip=100%, oom=0, wall=30537, train_wall=29239
| epoch 003:  10000 / 12851 loss=5.875, nll_loss=4.397, ppl=21.06, wps=3661, ups=1.1, wpb=3211, bsz=145, num_updates=35703, lr=0.5, gnorm=0.258, clip=100%, oom=0, wall=31419, train_wall=30087
| epoch 003:  11000 / 12851 loss=5.875, nll_loss=4.397, ppl=21.06, wps=3663, ups=1.1, wpb=3212, bsz=145, num_updates=36703, lr=0.5, gnorm=0.257, clip=100%, oom=0, wall=32296, train_wall=30931
| epoch 003:  12000 / 12851 loss=5.870, nll_loss=4.391, ppl=20.98, wps=3665, ups=1.1, wpb=3215, bsz=145, num_updates=37703, lr=0.5, gnorm=0.255, clip=100%, oom=0, wall=33176, train_wall=31778
| epoch 003 | loss 5.866 | nll_loss 4.386 | ppl 20.91 | wps 3664 | ups 1.1 | wpb 3213 | bsz 145 | num_updates 38553 | lr 0.5 | gnorm 0.254 | clip 100% | oom 0 | wall 33917 | train_wall 32491
| epoch 003 | valid on 'valid' subset | valid_loss 5.66276 | valid_nll_loss 4.1634 | valid_ppl 17.92 | num_updates 38553 | best 5.66276
| epoch 004:   1000 / 12851 loss=5.636, nll_loss=4.121, ppl=17.40, wps=3675, ups=1.1, wpb=3226, bsz=148, num_updates=39554, lr=0.5, gnorm=0.241, clip=100%, oom=0, wall=34849, train_wall=33336
| epoch 004:   2000 / 12851 loss=5.651, nll_loss=4.139, ppl=17.62, wps=3672, ups=1.1, wpb=3224, bsz=149, num_updates=40554, lr=0.5, gnorm=0.241, clip=100%, oom=0, wall=35727, train_wall=34181
| epoch 004:   3000 / 12851 loss=5.657, nll_loss=4.145, ppl=17.70, wps=3668, ups=1.1, wpb=3218, bsz=148, num_updates=41554, lr=0.5, gnorm=0.241, clip=100%, oom=0, wall=36602, train_wall=35024
| epoch 004:   4000 / 12851 loss=5.658, nll_loss=4.147, ppl=17.71, wps=3667, ups=1.1, wpb=3216, bsz=146, num_updates=42554, lr=0.5, gnorm=0.240, clip=100%, oom=0, wall=37479, train_wall=35867
| epoch 004:   5000 / 12851 loss=5.655, nll_loss=4.144, ppl=17.68, wps=3666, ups=1.1, wpb=3217, bsz=147, num_updates=43554, lr=0.5, gnorm=0.239, clip=100%, oom=0, wall=38358, train_wall=36714
| epoch 004:   6000 / 12851 loss=5.651, nll_loss=4.139, ppl=17.62, wps=3666, ups=1.1, wpb=3218, bsz=146, num_updates=44554, lr=0.5, gnorm=0.238, clip=100%, oom=0, wall=39237, train_wall=37560
| epoch 004:   7000 / 12851 loss=5.655, nll_loss=4.144, ppl=17.68, wps=3665, ups=1.1, wpb=3214, bsz=146, num_updates=45554, lr=0.5, gnorm=0.237, clip=100%, oom=0, wall=40109, train_wall=38399
| epoch 004:   8000 / 12851 loss=5.654, nll_loss=4.143, ppl=17.67, wps=3666, ups=1.1, wpb=3215, bsz=145, num_updates=46554, lr=0.5, gnorm=0.236, clip=100%, oom=0, wall=40985, train_wall=39242
| epoch 004:   9000 / 12851 loss=5.652, nll_loss=4.141, ppl=17.65, wps=3665, ups=1.1, wpb=3211, bsz=145, num_updates=47554, lr=0.5, gnorm=0.236, clip=100%, oom=0, wall=41856, train_wall=40080
| epoch 004:  10000 / 12851 loss=5.649, nll_loss=4.138, ppl=17.61, wps=3665, ups=1.1, wpb=3211, bsz=145, num_updates=48554, lr=0.5, gnorm=0.235, clip=100%, oom=0, wall=42731, train_wall=40922
| epoch 004:  11000 / 12851 loss=5.649, nll_loss=4.138, ppl=17.61, wps=3666, ups=1.1, wpb=3213, bsz=145, num_updates=49554, lr=0.5, gnorm=0.234, clip=100%, oom=0, wall=43611, train_wall=41769
| epoch 004:  12000 / 12851 loss=5.646, nll_loss=4.136, ppl=17.58, wps=3667, ups=1.1, wpb=3214, bsz=145, num_updates=50554, lr=0.5, gnorm=0.233, clip=100%, oom=0, wall=44490, train_wall=42615
| epoch 004 | loss 5.645 | nll_loss 4.134 | ppl 17.56 | wps 3666 | ups 1.1 | wpb 3213 | bsz 145 | num_updates 51404 | lr 0.5 | gnorm 0.232 | clip 100% | oom 0 | wall 45232 | train_wall 43329
| epoch 004 | valid on 'valid' subset | valid_loss 5.49307 | valid_nll_loss 3.94485 | valid_ppl 15.40 | num_updates 51404 | best 5.49307
| epoch 005:   1000 / 12851 loss=5.465, nll_loss=3.927, ppl=15.21, wps=3664, ups=1.1, wpb=3216, bsz=146, num_updates=52405, lr=0.5, gnorm=0.223, clip=100%, oom=0, wall=46161, train_wall=44174
| epoch 005:   2000 / 12851 loss=5.466, nll_loss=3.928, ppl=15.22, wps=3662, ups=1.1, wpb=3219, bsz=147, num_updates=53405, lr=0.5, gnorm=0.223, clip=100%, oom=0, wall=47041, train_wall=45021
| epoch 005:   3000 / 12851 loss=5.485, nll_loss=3.949, ppl=15.45, wps=3666, ups=1.1, wpb=3219, bsz=146, num_updates=54405, lr=0.5, gnorm=0.224, clip=100%, oom=0, wall=47918, train_wall=45864
| epoch 005:   4000 / 12851 loss=5.495, nll_loss=3.961, ppl=15.57, wps=3662, ups=1.1, wpb=3208, bsz=146, num_updates=55405, lr=0.5, gnorm=0.223, clip=100%, oom=0, wall=48788, train_wall=46702
| epoch 005:   5000 / 12851 loss=5.498, nll_loss=3.965, ppl=15.61, wps=3663, ups=1.1, wpb=3210, bsz=145, num_updates=56405, lr=0.5, gnorm=0.222, clip=100%, oom=0, wall=49666, train_wall=47546
| epoch 005:   6000 / 12851 loss=5.494, nll_loss=3.960, ppl=15.56, wps=3662, ups=1.1, wpb=3210, bsz=145, num_updates=57405, lr=0.5, gnorm=0.222, clip=100%, oom=0, wall=50543, train_wall=48390
| epoch 005:   7000 / 12851 loss=5.491, nll_loss=3.957, ppl=15.53, wps=3661, ups=1.1, wpb=3209, bsz=146, num_updates=58405, lr=0.5, gnorm=0.222, clip=100%, oom=0, wall=51420, train_wall=49234
| epoch 005:   8000 / 12851 loss=5.491, nll_loss=3.957, ppl=15.53, wps=3660, ups=1.1, wpb=3208, bsz=146, num_updates=59405, lr=0.5, gnorm=0.221, clip=100%, oom=0, wall=52296, train_wall=50076
| epoch 005:   9000 / 12851 loss=5.494, nll_loss=3.961, ppl=15.57, wps=3660, ups=1.1, wpb=3206, bsz=145, num_updates=60405, lr=0.5, gnorm=0.221, clip=100%, oom=0, wall=53168, train_wall=50915
| epoch 005:  10000 / 12851 loss=5.492, nll_loss=3.958, ppl=15.55, wps=3662, ups=1.1, wpb=3210, bsz=145, num_updates=61405, lr=0.5, gnorm=0.220, clip=100%, oom=0, wall=54048, train_wall=51762
| epoch 005:  11000 / 12851 loss=5.497, nll_loss=3.965, ppl=15.61, wps=3664, ups=1.1, wpb=3211, bsz=145, num_updates=62405, lr=0.5, gnorm=0.219, clip=100%, oom=0, wall=54924, train_wall=52605
| epoch 005:  12000 / 12851 loss=5.498, nll_loss=3.966, ppl=15.63, wps=3666, ups=1.1, wpb=3213, bsz=145, num_updates=63405, lr=0.5, gnorm=0.218, clip=100%, oom=0, wall=55800, train_wall=53449
| epoch 005 | loss 5.497 | nll_loss 3.965 | ppl 15.62 | wps 3667 | ups 1.1 | wpb 3213 | bsz 145 | num_updates 64255 | lr 0.5 | gnorm 0.218 | clip 100% | oom 0 | wall 56544 | train_wall 54164
| epoch 005 | valid on 'valid' subset | valid_loss 5.36308 | valid_nll_loss 3.8024 | valid_ppl 13.95 | num_updates 64255 | best 5.36308
| epoch 006:   1000 / 12851 loss=5.417, nll_loss=3.872, ppl=14.64, wps=3706, ups=1.1, wpb=3256, bsz=144, num_updates=65256, lr=0.5, gnorm=0.212, clip=100%, oom=0, wall=57464, train_wall=55011
| epoch 006:   2000 / 12851 loss=5.386, nll_loss=3.836, ppl=14.28, wps=3667, ups=1.1, wpb=3223, bsz=146, num_updates=66256, lr=0.5, gnorm=0.214, clip=100%, oom=0, wall=58344, train_wall=55855
| epoch 006:   3000 / 12851 loss=5.379, nll_loss=3.829, ppl=14.21, wps=3660, ups=1.1, wpb=3212, bsz=145, num_updates=67256, lr=0.5, gnorm=0.213, clip=100%, oom=0, wall=59219, train_wall=56697
| epoch 006:   4000 / 12851 loss=5.385, nll_loss=3.835, ppl=14.27, wps=3662, ups=1.1, wpb=3210, bsz=145, num_updates=68256, lr=0.5, gnorm=0.213, clip=100%, oom=0, wall=60092, train_wall=57537
| epoch 006:   5000 / 12851 loss=5.380, nll_loss=3.830, ppl=14.22, wps=3664, ups=1.1, wpb=3213, bsz=145, num_updates=69256, lr=0.5, gnorm=0.212, clip=100%, oom=0, wall=60970, train_wall=58382
| epoch 006:   6000 / 12851 loss=5.380, nll_loss=3.830, ppl=14.23, wps=3665, ups=1.1, wpb=3213, bsz=146, num_updates=70256, lr=0.5, gnorm=0.212, clip=100%, oom=0, wall=61846, train_wall=59225
| epoch 006:   7000 / 12851 loss=5.381, nll_loss=3.832, ppl=14.24, wps=3666, ups=1.1, wpb=3213, bsz=146, num_updates=71256, lr=0.5, gnorm=0.211, clip=100%, oom=0, wall=62720, train_wall=60067
| epoch 006:   8000 / 12851 loss=5.384, nll_loss=3.835, ppl=14.27, wps=3667, ups=1.1, wpb=3214, bsz=145, num_updates=72256, lr=0.5, gnorm=0.210, clip=100%, oom=0, wall=63598, train_wall=60911
| epoch 006:   9000 / 12851 loss=5.386, nll_loss=3.838, ppl=14.30, wps=3668, ups=1.1, wpb=3216, bsz=145, num_updates=73256, lr=0.5, gnorm=0.210, clip=100%, oom=0, wall=64476, train_wall=61756
| epoch 006:  10000 / 12851 loss=5.386, nll_loss=3.838, ppl=14.30, wps=3667, ups=1.1, wpb=3214, bsz=145, num_updates=74256, lr=0.5, gnorm=0.209, clip=100%, oom=0, wall=65352, train_wall=62599
| epoch 006:  11000 / 12851 loss=5.388, nll_loss=3.841, ppl=14.33, wps=3664, ups=1.1, wpb=3210, bsz=145, num_updates=75256, lr=0.5, gnorm=0.209, clip=100%, oom=0, wall=66222, train_wall=63436
| epoch 006:  12000 / 12851 loss=5.388, nll_loss=3.841, ppl=14.33, wps=3665, ups=1.1, wpb=3211, bsz=145, num_updates=76256, lr=0.5, gnorm=0.208, clip=100%, oom=0, wall=67098, train_wall=64279
| epoch 006 | loss 5.388 | nll_loss 3.841 | ppl 14.33 | wps 3667 | ups 1.1 | wpb 3213 | bsz 145 | num_updates 77106 | lr 0.5 | gnorm 0.208 | clip 100% | oom 0 | wall 67847 | train_wall 65000
| epoch 006 | valid on 'valid' subset | valid_loss 5.2976 | valid_nll_loss 3.72304 | valid_ppl 13.21 | num_updates 77106 | best 5.2976
| epoch 007:   1000 / 12851 loss=5.224, nll_loss=3.650, ppl=12.56, wps=3681, ups=1.1, wpb=3240, bsz=145, num_updates=78107, lr=0.5, gnorm=0.202, clip=100%, oom=0, wall=68760, train_wall=65847
| epoch 007:   2000 / 12851 loss=5.257, nll_loss=3.690, ppl=12.90, wps=3680, ups=1.1, wpb=3235, bsz=146, num_updates=79107, lr=0.5, gnorm=0.203, clip=100%, oom=0, wall=69638, train_wall=66692
| epoch 007:   3000 / 12851 loss=5.269, nll_loss=3.703, ppl=13.02, wps=3677, ups=1.1, wpb=3231, bsz=146, num_updates=80107, lr=0.5, gnorm=0.203, clip=100%, oom=0, wall=70516, train_wall=67537
| epoch 007:   4000 / 12851 loss=5.269, nll_loss=3.703, ppl=13.02, wps=3670, ups=1.1, wpb=3222, bsz=147, num_updates=81107, lr=0.5, gnorm=0.203, clip=100%, oom=0, wall=71392, train_wall=68380
| epoch 007:   5000 / 12851 loss=5.279, nll_loss=3.715, ppl=13.13, wps=3669, ups=1.1, wpb=3221, bsz=146, num_updates=82107, lr=0.5, gnorm=0.203, clip=100%, oom=0, wall=72270, train_wall=69225
| epoch 007:   6000 / 12851 loss=5.284, nll_loss=3.721, ppl=13.19, wps=3669, ups=1.1, wpb=3221, bsz=146, num_updates=83107, lr=0.5, gnorm=0.202, clip=100%, oom=0, wall=73146, train_wall=70068
| epoch 007:   7000 / 12851 loss=5.289, nll_loss=3.727, ppl=13.24, wps=3671, ups=1.1, wpb=3223, bsz=145, num_updates=84107, lr=0.5, gnorm=0.202, clip=100%, oom=0, wall=74026, train_wall=70914
| epoch 007:   8000 / 12851 loss=5.292, nll_loss=3.731, ppl=13.27, wps=3670, ups=1.1, wpb=3222, bsz=145, num_updates=85107, lr=0.5, gnorm=0.201, clip=100%, oom=0, wall=74904, train_wall=71760
| epoch 007:   9000 / 12851 loss=5.294, nll_loss=3.733, ppl=13.30, wps=3666, ups=1.1, wpb=3218, bsz=145, num_updates=86107, lr=0.5, gnorm=0.201, clip=100%, oom=0, wall=75779, train_wall=72601
| epoch 007:  10000 / 12851 loss=5.299, nll_loss=3.739, ppl=13.35, wps=3667, ups=1.1, wpb=3218, bsz=145, num_updates=87107, lr=0.5, gnorm=0.201, clip=100%, oom=0, wall=76655, train_wall=73444
| epoch 007:  11000 / 12851 loss=5.303, nll_loss=3.743, ppl=13.39, wps=3668, ups=1.1, wpb=3219, bsz=145, num_updates=88107, lr=0.5, gnorm=0.200, clip=100%, oom=0, wall=77532, train_wall=74289
| epoch 007:  12000 / 12851 loss=5.303, nll_loss=3.744, ppl=13.40, wps=3668, ups=1.1, wpb=3218, bsz=145, num_updates=89107, lr=0.5, gnorm=0.200, clip=100%, oom=0, wall=78407, train_wall=75131
| epoch 007 | loss 5.303 | nll_loss 3.744 | ppl 13.40 | wps 3665 | ups 1.1 | wpb 3213 | bsz 145 | num_updates 89957 | lr 0.5 | gnorm 0.200 | clip 100% | oom 0 | wall 79144 | train_wall 75840
| epoch 007 | valid on 'valid' subset | valid_loss 5.24442 | valid_nll_loss 3.65743 | valid_ppl 12.62 | num_updates 89957 | best 5.24442
| epoch 008:   1000 / 12851 loss=5.174, nll_loss=3.594, ppl=12.08, wps=3675, ups=1.1, wpb=3223, bsz=146, num_updates=90958, lr=0.5, gnorm=0.195, clip=100%, oom=0, wall=80056, train_wall=76685
| epoch 008:   2000 / 12851 loss=5.202, nll_loss=3.626, ppl=12.34, wps=3667, ups=1.1, wpb=3204, bsz=143, num_updates=91958, lr=0.5, gnorm=0.197, clip=100%, oom=0, wall=80927, train_wall=77523
| epoch 008:   3000 / 12851 loss=5.203, nll_loss=3.627, ppl=12.35, wps=3665, ups=1.1, wpb=3202, bsz=145, num_updates=92958, lr=0.5, gnorm=0.197, clip=100%, oom=0, wall=81800, train_wall=78363
| epoch 008:   4000 / 12851 loss=5.210, nll_loss=3.636, ppl=12.43, wps=3670, ups=1.1, wpb=3206, bsz=145, num_updates=93958, lr=0.5, gnorm=0.196, clip=100%, oom=0, wall=82674, train_wall=79204
| epoch 008:   5000 / 12851 loss=5.215, nll_loss=3.642, ppl=12.48, wps=3672, ups=1.1, wpb=3212, bsz=145, num_updates=94958, lr=0.5, gnorm=0.196, clip=100%, oom=0, wall=83553, train_wall=80050
| epoch 008:   6000 / 12851 loss=5.223, nll_loss=3.651, ppl=12.56, wps=3672, ups=1.1, wpb=3213, bsz=144, num_updates=95958, lr=0.5, gnorm=0.195, clip=100%, oom=0, wall=84430, train_wall=80895
| epoch 008:   7000 / 12851 loss=5.224, nll_loss=3.652, ppl=12.57, wps=3670, ups=1.1, wpb=3212, bsz=143, num_updates=96958, lr=0.5, gnorm=0.195, clip=100%, oom=0, wall=85307, train_wall=81738
| epoch 008:   8000 / 12851 loss=5.227, nll_loss=3.656, ppl=12.61, wps=3669, ups=1.1, wpb=3213, bsz=144, num_updates=97958, lr=0.5, gnorm=0.195, clip=100%, oom=0, wall=86184, train_wall=82583
| epoch 008:   9000 / 12851 loss=5.231, nll_loss=3.661, ppl=12.65, wps=3670, ups=1.1, wpb=3215, bsz=144, num_updates=98958, lr=0.5, gnorm=0.195, clip=100%, oom=0, wall=87062, train_wall=83426
| epoch 008:  10000 / 12851 loss=5.232, nll_loss=3.663, ppl=12.66, wps=3669, ups=1.1, wpb=3214, bsz=144, num_updates=99958, lr=0.5, gnorm=0.194, clip=100%, oom=0, wall=87938, train_wall=84269
| epoch 008:  11000 / 12851 loss=5.231, nll_loss=3.661, ppl=12.65, wps=3668, ups=1.1, wpb=3213, bsz=144, num_updates=100958, lr=0.5, gnorm=0.194, clip=100%, oom=0, wall=88815, train_wall=85113
| epoch 008:  12000 / 12851 loss=5.234, nll_loss=3.665, ppl=12.69, wps=3669, ups=1.1, wpb=3215, bsz=144, num_updates=101958, lr=0.5, gnorm=0.193, clip=100%, oom=0, wall=89693, train_wall=85958
| epoch 008 | loss 5.234 | nll_loss 3.665 | ppl 12.69 | wps 3667 | ups 1.1 | wpb 3213 | bsz 145 | num_updates 102808 | lr 0.5 | gnorm 0.193 | clip 100% | oom 0 | wall 90437 | train_wall 86674
| epoch 008 | valid on 'valid' subset | valid_loss 5.18715 | valid_nll_loss 3.58528 | valid_ppl 12.00 | num_updates 102808 | best 5.18715
| epoch 009:   1000 / 12851 loss=5.129, nll_loss=3.542, ppl=11.65, wps=3670, ups=1.1, wpb=3215, bsz=148, num_updates=103809, lr=0.5, gnorm=0.190, clip=100%, oom=0, wall=91352, train_wall=87517
| epoch 009:   2000 / 12851 loss=5.138, nll_loss=3.553, ppl=11.74, wps=3668, ups=1.1, wpb=3213, bsz=145, num_updates=104809, lr=0.5, gnorm=0.190, clip=100%, oom=0, wall=92228, train_wall=88360
| epoch 009:   3000 / 12851 loss=5.138, nll_loss=3.554, ppl=11.74, wps=3672, ups=1.1, wpb=3219, bsz=144, num_updates=105809, lr=0.5, gnorm=0.190, clip=100%, oom=0, wall=93106, train_wall=89205
| epoch 009:   4000 / 12851 loss=5.146, nll_loss=3.562, ppl=11.81, wps=3676, ups=1.1, wpb=3226, bsz=146, num_updates=106809, lr=0.5, gnorm=0.190, clip=100%, oom=0, wall=93986, train_wall=90052
| epoch 009:   5000 / 12851 loss=5.152, nll_loss=3.570, ppl=11.87, wps=3672, ups=1.1, wpb=3219, bsz=145, num_updates=107809, lr=0.5, gnorm=0.190, clip=100%, oom=0, wall=94859, train_wall=90892
| epoch 009:   6000 / 12851 loss=5.151, nll_loss=3.569, ppl=11.87, wps=3671, ups=1.1, wpb=3220, bsz=145, num_updates=108809, lr=0.5, gnorm=0.190, clip=100%, oom=0, wall=95738, train_wall=91738
| epoch 009:   7000 / 12851 loss=5.154, nll_loss=3.572, ppl=11.89, wps=3670, ups=1.1, wpb=3217, bsz=145, num_updates=109809, lr=0.5, gnorm=0.190, clip=100%, oom=0, wall=96612, train_wall=92579
| epoch 009:   8000 / 12851 loss=5.160, nll_loss=3.580, ppl=11.96, wps=3671, ups=1.1, wpb=3216, bsz=145, num_updates=110809, lr=0.5, gnorm=0.190, clip=100%, oom=0, wall=97486, train_wall=93420
| epoch 009:   9000 / 12851 loss=5.166, nll_loss=3.586, ppl=12.01, wps=3671, ups=1.1, wpb=3218, bsz=144, num_updates=111809, lr=0.5, gnorm=0.190, clip=100%, oom=0, wall=98364, train_wall=94265
| epoch 009:  10000 / 12851 loss=5.166, nll_loss=3.587, ppl=12.02, wps=3669, ups=1.1, wpb=3215, bsz=145, num_updates=112809, lr=0.5, gnorm=0.189, clip=100%, oom=0, wall=99238, train_wall=95106
| epoch 009:  11000 / 12851 loss=5.170, nll_loss=3.592, ppl=12.06, wps=3668, ups=1.1, wpb=3215, bsz=145, num_updates=113809, lr=0.5, gnorm=0.189, clip=100%, oom=0, wall=100116, train_wall=95951
| epoch 009:  12000 / 12851 loss=5.174, nll_loss=3.596, ppl=12.09, wps=3668, ups=1.1, wpb=3215, bsz=145, num_updates=114809, lr=0.5, gnorm=0.189, clip=100%, oom=0, wall=100992, train_wall=96793
| epoch 009 | loss 5.175 | nll_loss 3.598 | ppl 12.11 | wps 3668 | ups 1.1 | wpb 3213 | bsz 145 | num_updates 115659 | lr 0.5 | gnorm 0.189 | clip 100% | oom 0 | wall 101733 | train_wall 97507
| epoch 009 | valid on 'valid' subset | valid_loss 5.15504 | valid_nll_loss 3.57131 | valid_ppl 11.89 | num_updates 115659 | best 5.15504
| epoch 010:   1000 / 12851 loss=5.071, nll_loss=3.476, ppl=11.13, wps=3682, ups=1.1, wpb=3218, bsz=149, num_updates=116660, lr=0.5, gnorm=0.187, clip=100%, oom=0, wall=102650, train_wall=98349
| epoch 010:   2000 / 12851 loss=5.101, nll_loss=3.510, ppl=11.39, wps=3683, ups=1.1, wpb=3223, bsz=146, num_updates=117660, lr=0.5, gnorm=0.187, clip=100%, oom=0, wall=103526, train_wall=99191
| epoch 010:   3000 / 12851 loss=5.096, nll_loss=3.505, ppl=11.35, wps=3675, ups=1.1, wpb=3217, bsz=147, num_updates=118660, lr=0.5, gnorm=0.187, clip=100%, oom=0, wall=104402, train_wall=100034
| epoch 010:   4000 / 12851 loss=5.101, nll_loss=3.511, ppl=11.40, wps=3678, ups=1.1, wpb=3224, bsz=145, num_updates=119660, lr=0.5, gnorm=0.186, clip=100%, oom=0, wall=105283, train_wall=100881
| epoch 010:   5000 / 12851 loss=5.102, nll_loss=3.512, ppl=11.41, wps=3672, ups=1.1, wpb=3218, bsz=146, num_updates=120660, lr=0.5, gnorm=0.186, clip=100%, oom=0, wall=106158, train_wall=101724
| epoch 010:   6000 / 12851 loss=5.107, nll_loss=3.518, ppl=11.46, wps=3670, ups=1.1, wpb=3218, bsz=146, num_updates=121660, lr=0.5, gnorm=0.186, clip=100%, oom=0, wall=107036, train_wall=102568
| epoch 010:   7000 / 12851 loss=5.111, nll_loss=3.523, ppl=11.49, wps=3674, ups=1.1, wpb=3222, bsz=145, num_updates=122660, lr=0.5, gnorm=0.186, clip=100%, oom=0, wall=107916, train_wall=103415
| epoch 010:   8000 / 12851 loss=5.112, nll_loss=3.524, ppl=11.50, wps=3671, ups=1.1, wpb=3220, bsz=145, num_updates=123660, lr=0.5, gnorm=0.186, clip=100%, oom=0, wall=108792, train_wall=104259
| epoch 010:   9000 / 12851 loss=5.115, nll_loss=3.528, ppl=11.53, wps=3668, ups=1.1, wpb=3217, bsz=145, num_updates=124660, lr=0.5, gnorm=0.185, clip=100%, oom=0, wall=109669, train_wall=105102
| epoch 010:  10000 / 12851 loss=5.117, nll_loss=3.531, ppl=11.56, wps=3667, ups=1.1, wpb=3214, bsz=145, num_updates=125660, lr=0.5, gnorm=0.185, clip=100%, oom=0, wall=110543, train_wall=105943
| epoch 010:  11000 / 12851 loss=5.121, nll_loss=3.536, ppl=11.60, wps=3667, ups=1.1, wpb=3215, bsz=144, num_updates=126660, lr=0.5, gnorm=0.185, clip=100%, oom=0, wall=111419, train_wall=106786
| epoch 010:  12000 / 12851 loss=5.123, nll_loss=3.538, ppl=11.62, wps=3666, ups=1.1, wpb=3212, bsz=144, num_updates=127660, lr=0.5, gnorm=0.185, clip=100%, oom=0, wall=112292, train_wall=107625
| epoch 010 | loss 5.125 | nll_loss 3.540 | ppl 11.63 | wps 3666 | ups 1.1 | wpb 3213 | bsz 145 | num_updates 128510 | lr 0.5 | gnorm 0.184 | clip 100% | oom 0 | wall 113038 | train_wall 108344
| epoch 010 | valid on 'valid' subset | valid_loss 5.11824 | valid_nll_loss 3.52186 | valid_ppl 11.49 | num_updates 128510 | best 5.11824
| epoch 011:   1000 / 12851 loss=5.026, nll_loss=3.425, ppl=10.74, wps=3667, ups=1.1, wpb=3208, bsz=140, num_updates=129511, lr=0.5, gnorm=0.182, clip=100%, oom=0, wall=113954, train_wall=109186
| epoch 011:   2000 / 12851 loss=5.037, nll_loss=3.437, ppl=10.83, wps=3667, ups=1.1, wpb=3203, bsz=142, num_updates=130511, lr=0.5, gnorm=0.182, clip=100%, oom=0, wall=114826, train_wall=110025
| epoch 011:   3000 / 12851 loss=5.048, nll_loss=3.450, ppl=10.93, wps=3665, ups=1.1, wpb=3200, bsz=142, num_updates=131511, lr=0.5, gnorm=0.183, clip=100%, oom=0, wall=115698, train_wall=110865
| epoch 011:   4000 / 12851 loss=5.055, nll_loss=3.458, ppl=10.99, wps=3668, ups=1.1, wpb=3206, bsz=143, num_updates=132511, lr=0.5, gnorm=0.182, clip=100%, oom=0, wall=116575, train_wall=111709
| epoch 011:   5000 / 12851 loss=5.058, nll_loss=3.461, ppl=11.01, wps=3665, ups=1.1, wpb=3202, bsz=143, num_updates=133511, lr=0.5, gnorm=0.183, clip=100%, oom=0, wall=117447, train_wall=112549
| epoch 011:   6000 / 12851 loss=5.060, nll_loss=3.465, ppl=11.04, wps=3669, ups=1.1, wpb=3208, bsz=143, num_updates=134511, lr=0.5, gnorm=0.182, clip=100%, oom=0, wall=118325, train_wall=113393
| epoch 011:   7000 / 12851 loss=5.066, nll_loss=3.472, ppl=11.09, wps=3667, ups=1.1, wpb=3208, bsz=143, num_updates=135511, lr=0.5, gnorm=0.182, clip=100%, oom=0, wall=119201, train_wall=114236
| epoch 011:   8000 / 12851 loss=5.068, nll_loss=3.474, ppl=11.11, wps=3667, ups=1.1, wpb=3209, bsz=143, num_updates=136511, lr=0.5, gnorm=0.182, clip=100%, oom=0, wall=120079, train_wall=115081
| epoch 011:   9000 / 12851 loss=5.071, nll_loss=3.477, ppl=11.14, wps=3669, ups=1.1, wpb=3213, bsz=143, num_updates=137511, lr=0.5, gnorm=0.181, clip=100%, oom=0, wall=120960, train_wall=115928
| epoch 011:  10000 / 12851 loss=5.071, nll_loss=3.478, ppl=11.14, wps=3670, ups=1.1, wpb=3215, bsz=144, num_updates=138511, lr=0.5, gnorm=0.181, clip=100%, oom=0, wall=121838, train_wall=116774
| epoch 011:  11000 / 12851 loss=5.075, nll_loss=3.483, ppl=11.18, wps=3670, ups=1.1, wpb=3214, bsz=144, num_updates=139511, lr=0.5, gnorm=0.181, clip=100%, oom=0, wall=122713, train_wall=117616
| epoch 011:  12000 / 12851 loss=5.077, nll_loss=3.485, ppl=11.20, wps=3669, ups=1.1, wpb=3213, bsz=144, num_updates=140511, lr=0.5, gnorm=0.181, clip=100%, oom=0, wall=123587, train_wall=118457
| epoch 011 | loss 5.080 | nll_loss 3.489 | ppl 11.23 | wps 3669 | ups 1.1 | wpb 3213 | bsz 145 | num_updates 141361 | lr 0.5 | gnorm 0.181 | clip 100% | oom 0 | wall 124331 | train_wall 119173
| epoch 011 | valid on 'valid' subset | valid_loss 5.11816 | valid_nll_loss 3.50271 | valid_ppl 11.34 | num_updates 141361 | best 5.11816
| epoch 012:   1000 / 12851 loss=4.969, nll_loss=3.359, ppl=10.26, wps=3656, ups=1.1, wpb=3201, bsz=145, num_updates=142362, lr=0.5, gnorm=0.179, clip=100%, oom=0, wall=125258, train_wall=120016
| epoch 012:   2000 / 12851 loss=4.978, nll_loss=3.369, ppl=10.33, wps=3657, ups=1.1, wpb=3207, bsz=147, num_updates=143362, lr=0.5, gnorm=0.179, clip=100%, oom=0, wall=126137, train_wall=120861
| epoch 012:   3000 / 12851 loss=5.003, nll_loss=3.399, ppl=10.55, wps=3670, ups=1.1, wpb=3224, bsz=146, num_updates=144362, lr=0.5, gnorm=0.179, clip=100%, oom=0, wall=127018, train_wall=121709
| epoch 012:   4000 / 12851 loss=5.003, nll_loss=3.399, ppl=10.55, wps=3673, ups=1.1, wpb=3229, bsz=147, num_updates=145362, lr=0.5, gnorm=0.179, clip=100%, oom=0, wall=127899, train_wall=122557
| epoch 012:   5000 / 12851 loss=5.008, nll_loss=3.405, ppl=10.59, wps=3668, ups=1.1, wpb=3220, bsz=145, num_updates=146362, lr=0.5, gnorm=0.179, clip=100%, oom=0, wall=128772, train_wall=123396
| epoch 012:   6000 / 12851 loss=5.014, nll_loss=3.412, ppl=10.64, wps=3671, ups=1.1, wpb=3224, bsz=146, num_updates=147362, lr=0.5, gnorm=0.179, clip=100%, oom=0, wall=129652, train_wall=124243
| epoch 012:   7000 / 12851 loss=5.018, nll_loss=3.416, ppl=10.68, wps=3669, ups=1.1, wpb=3221, bsz=146, num_updates=148362, lr=0.5, gnorm=0.178, clip=100%, oom=0, wall=130528, train_wall=125086
| epoch 012:   8000 / 12851 loss=5.030, nll_loss=3.430, ppl=10.78, wps=3670, ups=1.1, wpb=3221, bsz=145, num_updates=149362, lr=0.5, gnorm=0.178, clip=100%, oom=0, wall=131404, train_wall=125928
| epoch 012:   9000 / 12851 loss=5.031, nll_loss=3.432, ppl=10.80, wps=3668, ups=1.1, wpb=3218, bsz=146, num_updates=150362, lr=0.5, gnorm=0.178, clip=100%, oom=0, wall=132277, train_wall=126768
| epoch 012:  10000 / 12851 loss=5.034, nll_loss=3.436, ppl=10.82, wps=3667, ups=1.1, wpb=3214, bsz=145, num_updates=151362, lr=0.5, gnorm=0.178, clip=100%, oom=0, wall=133150, train_wall=127608
| epoch 012:  11000 / 12851 loss=5.037, nll_loss=3.439, ppl=10.85, wps=3667, ups=1.1, wpb=3215, bsz=145, num_updates=152362, lr=0.5, gnorm=0.178, clip=100%, oom=0, wall=134025, train_wall=128450
| epoch 012:  12000 / 12851 loss=5.040, nll_loss=3.442, ppl=10.87, wps=3668, ups=1.1, wpb=3215, bsz=145, num_updates=153362, lr=0.5, gnorm=0.178, clip=100%, oom=0, wall=134901, train_wall=129293
| epoch 012 | loss 5.041 | nll_loss 3.444 | ppl 10.88 | wps 3667 | ups 1.1 | wpb 3213 | bsz 145 | num_updates 154212 | lr 0.5 | gnorm 0.178 | clip 100% | oom 0 | wall 135643 | train_wall 130007
| epoch 012 | valid on 'valid' subset | valid_loss 5.12971 | valid_nll_loss 3.53517 | valid_ppl 11.59 | num_updates 154212 | best 5.11816
| epoch 013:   1000 / 12851 loss=4.944, nll_loss=3.330, ppl=10.06, wps=3665, ups=1.1, wpb=3212, bsz=148, num_updates=155213, lr=0.5, gnorm=0.176, clip=100%, oom=0, wall=136568, train_wall=130851
| epoch 013:   2000 / 12851 loss=4.959, nll_loss=3.348, ppl=10.18, wps=3656, ups=1.1, wpb=3197, bsz=145, num_updates=156213, lr=0.5, gnorm=0.177, clip=100%, oom=0, wall=137440, train_wall=131690
| epoch 013:   3000 / 12851 loss=4.955, nll_loss=3.343, ppl=10.15, wps=3653, ups=1.1, wpb=3197, bsz=146, num_updates=157213, lr=0.5, gnorm=0.177, clip=100%, oom=0, wall=138317, train_wall=132534
| epoch 013:   4000 / 12851 loss=4.970, nll_loss=3.361, ppl=10.27, wps=3661, ups=1.1, wpb=3205, bsz=146, num_updates=158213, lr=0.5, gnorm=0.177, clip=100%, oom=0, wall=139194, train_wall=133377
| epoch 013:   5000 / 12851 loss=4.976, nll_loss=3.368, ppl=10.33, wps=3659, ups=1.1, wpb=3202, bsz=147, num_updates=159213, lr=0.5, gnorm=0.177, clip=100%, oom=0, wall=140067, train_wall=134217
| epoch 013:   6000 / 12851 loss=4.980, nll_loss=3.372, ppl=10.35, wps=3659, ups=1.1, wpb=3202, bsz=146, num_updates=160213, lr=0.5, gnorm=0.177, clip=100%, oom=0, wall=140941, train_wall=135059
| epoch 013:   7000 / 12851 loss=4.986, nll_loss=3.380, ppl=10.41, wps=3662, ups=1.1, wpb=3205, bsz=145, num_updates=161213, lr=0.5, gnorm=0.177, clip=100%, oom=0, wall=141816, train_wall=135902
| epoch 013:   8000 / 12851 loss=4.993, nll_loss=3.388, ppl=10.47, wps=3665, ups=1.1, wpb=3206, bsz=145, num_updates=162213, lr=0.5, gnorm=0.177, clip=100%, oom=0, wall=142689, train_wall=136742
| epoch 013:   9000 / 12851 loss=4.995, nll_loss=3.390, ppl=10.49, wps=3665, ups=1.1, wpb=3206, bsz=145, num_updates=163213, lr=0.5, gnorm=0.176, clip=100%, oom=0, wall=143564, train_wall=137584
| epoch 013:  10000 / 12851 loss=4.999, nll_loss=3.395, ppl=10.52, wps=3666, ups=1.1, wpb=3208, bsz=145, num_updates=164213, lr=0.5, gnorm=0.176, clip=100%, oom=0, wall=144441, train_wall=138427
| epoch 013:  11000 / 12851 loss=5.002, nll_loss=3.399, ppl=10.55, wps=3668, ups=1.1, wpb=3210, bsz=144, num_updates=165213, lr=0.5, gnorm=0.176, clip=100%, oom=0, wall=145319, train_wall=139273
| epoch 013:  12000 / 12851 loss=5.004, nll_loss=3.401, ppl=10.56, wps=3668, ups=1.1, wpb=3212, bsz=144, num_updates=166213, lr=0.5, gnorm=0.175, clip=100%, oom=0, wall=146198, train_wall=140119
| epoch 013 | loss 5.006 | nll_loss 3.403 | ppl 10.58 | wps 3668 | ups 1.1 | wpb 3213 | bsz 145 | num_updates 167063 | lr 0.5 | gnorm 0.175 | clip 100% | oom 0 | wall 146946 | train_wall 140838
| epoch 013 | valid on 'valid' subset | valid_loss 5.07136 | valid_nll_loss 3.46033 | valid_ppl 11.01 | num_updates 167063 | best 5.07136
| epoch 014:   1000 / 12851 loss=4.921, nll_loss=3.303, ppl=9.87, wps=3668, ups=1.1, wpb=3209, bsz=143, num_updates=168064, lr=0.5, gnorm=0.174, clip=100%, oom=0, wall=147877, train_wall=141681
| epoch 014:   2000 / 12851 loss=4.930, nll_loss=3.314, ppl=9.95, wps=3669, ups=1.1, wpb=3212, bsz=143, num_updates=169064, lr=0.5, gnorm=0.174, clip=100%, oom=0, wall=148753, train_wall=142524
| epoch 014:   3000 / 12851 loss=4.931, nll_loss=3.315, ppl=9.96, wps=3661, ups=1.1, wpb=3204, bsz=144, num_updates=170064, lr=0.5, gnorm=0.174, clip=100%, oom=0, wall=149628, train_wall=143365
| epoch 014:   4000 / 12851 loss=4.941, nll_loss=3.327, ppl=10.04, wps=3664, ups=1.1, wpb=3207, bsz=145, num_updates=171064, lr=0.5, gnorm=0.175, clip=100%, oom=0, wall=150504, train_wall=144208
| epoch 014:   5000 / 12851 loss=4.950, nll_loss=3.338, ppl=10.11, wps=3665, ups=1.1, wpb=3207, bsz=144, num_updates=172064, lr=0.5, gnorm=0.175, clip=100%, oom=0, wall=151378, train_wall=145049
| epoch 014:   6000 / 12851 loss=4.951, nll_loss=3.339, ppl=10.12, wps=3668, ups=1.1, wpb=3213, bsz=145, num_updates=173064, lr=0.5, gnorm=0.174, clip=100%, oom=0, wall=152259, train_wall=145896
| epoch 014:   7000 / 12851 loss=4.956, nll_loss=3.346, ppl=10.16, wps=3669, ups=1.1, wpb=3215, bsz=145, num_updates=174064, lr=0.5, gnorm=0.174, clip=100%, oom=0, wall=153137, train_wall=146742
| epoch 014:   8000 / 12851 loss=4.958, nll_loss=3.348, ppl=10.18, wps=3667, ups=1.1, wpb=3212, bsz=145, num_updates=175064, lr=0.5, gnorm=0.174, clip=100%, oom=0, wall=154011, train_wall=147583
| epoch 014:   9000 / 12851 loss=4.962, nll_loss=3.352, ppl=10.21, wps=3668, ups=1.1, wpb=3214, bsz=145, num_updates=176064, lr=0.5, gnorm=0.174, clip=100%, oom=0, wall=154888, train_wall=148427
| epoch 014:  10000 / 12851 loss=4.964, nll_loss=3.355, ppl=10.23, wps=3666, ups=1.1, wpb=3212, bsz=145, num_updates=177064, lr=0.5, gnorm=0.174, clip=100%, oom=0, wall=155763, train_wall=149269
| epoch 014:  11000 / 12851 loss=4.967, nll_loss=3.359, ppl=10.26, wps=3668, ups=1.1, wpb=3215, bsz=144, num_updates=178064, lr=0.5, gnorm=0.173, clip=100%, oom=0, wall=156642, train_wall=150115
| epoch 014:  12000 / 12851 loss=4.969, nll_loss=3.361, ppl=10.27, wps=3666, ups=1.1, wpb=3212, bsz=145, num_updates=179064, lr=0.5, gnorm=0.173, clip=100%, oom=0, wall=157516, train_wall=150955
| epoch 014 | loss 4.973 | nll_loss 3.365 | ppl 10.31 | wps 3667 | ups 1.1 | wpb 3213 | bsz 145 | num_updates 179914 | lr 0.5 | gnorm 0.173 | clip 100% | oom 0 | wall 158261 | train_wall 151672
| epoch 014 | valid on 'valid' subset | valid_loss 5.06526 | valid_nll_loss 3.45538 | valid_ppl 10.97 | num_updates 179914 | best 5.06526
| epoch 015:   1000 / 12851 loss=4.871, nll_loss=3.246, ppl=9.49, wps=3681, ups=1.1, wpb=3230, bsz=146, num_updates=180915, lr=0.5, gnorm=0.171, clip=100%, oom=0, wall=159187, train_wall=152517
| epoch 015:   2000 / 12851 loss=4.899, nll_loss=3.278, ppl=9.70, wps=3671, ups=1.1, wpb=3214, bsz=143, num_updates=181915, lr=0.5, gnorm=0.172, clip=100%, oom=0, wall=160060, train_wall=153358
| epoch 015:   3000 / 12851 loss=4.904, nll_loss=3.284, ppl=9.74, wps=3670, ups=1.1, wpb=3214, bsz=142, num_updates=182915, lr=0.5, gnorm=0.172, clip=100%, oom=0, wall=160936, train_wall=154201
| epoch 015:   4000 / 12851 loss=4.908, nll_loss=3.289, ppl=9.77, wps=3666, ups=1.1, wpb=3206, bsz=143, num_updates=183915, lr=0.5, gnorm=0.172, clip=100%, oom=0, wall=161806, train_wall=155039
| epoch 015:   5000 / 12851 loss=4.920, nll_loss=3.303, ppl=9.87, wps=3667, ups=1.1, wpb=3205, bsz=142, num_updates=184915, lr=0.5, gnorm=0.172, clip=100%, oom=0, wall=162680, train_wall=155880
| epoch 015:   6000 / 12851 loss=4.923, nll_loss=3.307, ppl=9.90, wps=3665, ups=1.1, wpb=3203, bsz=143, num_updates=185915, lr=0.5, gnorm=0.172, clip=100%, oom=0, wall=163553, train_wall=156721
| epoch 015:   7000 / 12851 loss=4.930, nll_loss=3.315, ppl=9.95, wps=3665, ups=1.1, wpb=3204, bsz=143, num_updates=186915, lr=0.5, gnorm=0.172, clip=100%, oom=0, wall=164428, train_wall=157563
| epoch 015:   8000 / 12851 loss=4.930, nll_loss=3.315, ppl=9.96, wps=3667, ups=1.1, wpb=3205, bsz=143, num_updates=187915, lr=0.5, gnorm=0.172, clip=100%, oom=0, wall=165301, train_wall=158401
